<?xml version="1.0" encoding="UTF-8"?>
<testng-results ignored="0" total="4" passed="3" failed="1" skipped="0">
  <reporter-output>
  </reporter-output>
  <suite started-at="2024-07-25T20:51:36 IST" name="Default suite" finished-at="2024-07-25T20:53:28 IST" duration-ms="112213">
    <groups>
    </groups>
    <test started-at="2024-07-25T20:51:36 IST" name="Default test" finished-at="2024-07-25T20:53:28 IST" duration-ms="112213">
      <class name="TestCases.MakeMyTripFlightBooking_TestCase">
        <test-method is-config="true" signature="OpenBrowser()[pri:0, instance:TestCases.MakeMyTripFlightBooking_TestCase@302c971f]" started-at="2024-07-25T20:51:34 IST" name="OpenBrowser" finished-at="2024-07-25T20:51:36 IST" duration-ms="2719" status="PASS">
          <reporter-output>
          </reporter-output>
        </test-method> <!-- OpenBrowser -->
        <test-method is-config="true" signature="SetUrl()[pri:0, instance:TestCases.MakeMyTripFlightBooking_TestCase@302c971f]" started-at="2024-07-25T20:51:36 IST" name="SetUrl" finished-at="2024-07-25T20:52:08 IST" duration-ms="31673" status="PASS">
          <reporter-output>
          </reporter-output>
        </test-method> <!-- SetUrl -->
        <test-method signature="MakeMyTripFlight_Test_with_ValidValues()[pri:0, instance:TestCases.MakeMyTripFlightBooking_TestCase@302c971f]" started-at="2024-07-25T20:52:08 IST" name="MakeMyTripFlight_Test_with_ValidValues" finished-at="2024-07-25T20:53:14 IST" duration-ms="66101" status="PASS">
          <reporter-output>
          </reporter-output>
        </test-method> <!-- MakeMyTripFlight_Test_with_ValidValues -->
        <test-method is-config="true" signature="WriteReport(org.testng.ITestResult)[pri:0, instance:TestCases.MakeMyTripFlightBooking_TestCase@302c971f]" started-at="2024-07-25T20:53:14 IST" name="WriteReport" finished-at="2024-07-25T20:53:15 IST" duration-ms="740" status="PASS">
          <params>
            <param index="0">
              <value>
                <![CDATA[[TestResult name=MakeMyTripFlight_Test_with_ValidValues status=SUCCESS method=MakeMyTripFlightBooking_TestCase.MakeMyTripFlight_Test_with_ValidValues()[pri:0, instance:TestCases.MakeMyTripFlightBooking_TestCase@302c971f] output={null}]]]>
              </value>
            </param>
          </params>
          <reporter-output>
          </reporter-output>
        </test-method> <!-- WriteReport -->
        <test-method signature="MakeMyTripFlight_Test_with_ValidValues_Student()[pri:1, instance:TestCases.MakeMyTripFlightBooking_TestCase@302c971f]" started-at="2024-07-25T20:53:15 IST" name="MakeMyTripFlight_Test_with_ValidValues_Student" finished-at="2024-07-25T20:53:23 IST" duration-ms="8328" status="PASS">
          <reporter-output>
          </reporter-output>
        </test-method> <!-- MakeMyTripFlight_Test_with_ValidValues_Student -->
        <test-method is-config="true" signature="WriteReport(org.testng.ITestResult)[pri:0, instance:TestCases.MakeMyTripFlightBooking_TestCase@302c971f]" started-at="2024-07-25T20:53:23 IST" name="WriteReport" finished-at="2024-07-25T20:53:24 IST" duration-ms="331" status="PASS">
          <params>
            <param index="0">
              <value>
                <![CDATA[[TestResult name=MakeMyTripFlight_Test_with_ValidValues_Student status=SUCCESS method=MakeMyTripFlightBooking_TestCase.MakeMyTripFlight_Test_with_ValidValues_Student()[pri:1, instance:TestCases.MakeMyTripFlightBooking_TestCase@302c971f] output={null}]]]>
              </value>
            </param>
          </params>
          <reporter-output>
          </reporter-output>
        </test-method> <!-- WriteReport -->
        <test-method signature="MakeMyTripRoundTripFlight_Test_with_ValidValues()[pri:2, instance:TestCases.MakeMyTripFlightBooking_TestCase@302c971f]" started-at="2024-07-25T20:53:24 IST" name="MakeMyTripRoundTripFlight_Test_with_ValidValues" finished-at="2024-07-25T20:53:27 IST" duration-ms="3137" status="FAIL">
          <exception class="org.openqa.selenium.NoSuchElementException">
            <message>
              <![CDATA[no such element: Unable to locate element: {"method":"xpath","selector":"//label[@for='return']"}
  (Session info: chrome=127.0.6533.72)
For documentation on this error, please visit: https://www.selenium.dev/documentation/webdriver/troubleshooting/errors#no-such-element-exception
Build info: version: '4.21.0', revision: '79ed462ef4'
System info: os.name: 'Windows 11', os.arch: 'amd64', os.version: '10.0', java.version: '22.0.1'
Driver info: org.openqa.selenium.chrome.ChromeDriver
Command: [77c97a47d85be73eb6b65680af5c6bc2, findElement {using=xpath, value=//label[@for='return']}]
Capabilities {acceptInsecureCerts: false, browserName: chrome, browserVersion: 127.0.6533.72, chrome: {chromedriverVersion: 127.0.6533.72 (9755e24ca85a..., userDataDir: C:\Users\SIVAGAMI\AppData\L...}, fedcm:accounts: true, goog:chromeOptions: {debuggerAddress: localhost:53548}, networkConnectionEnabled: false, pageLoadStrategy: normal, platformName: windows, proxy: Proxy(), se:cdp: ws://localhost:53548/devtoo..., se:cdpVersion: 127.0.6533.72, setWindowRect: true, strictFileInteractability: false, timeouts: {implicit: 0, pageLoad: 300000, script: 30000}, unhandledPromptBehavior: dismiss and notify, webauthn:extension:credBlob: true, webauthn:extension:largeBlob: true, webauthn:extension:minPinLength: true, webauthn:extension:prf: true, webauthn:virtualAuthenticators: true}
Session ID: 77c97a47d85be73eb6b65680af5c6bc2]]>
            </message>
            <full-stacktrace>
              <![CDATA[org.openqa.selenium.NoSuchElementException: no such element: Unable to locate element: {"method":"xpath","selector":"//label[@for='return']"}
  (Session info: chrome=127.0.6533.72)
For documentation on this error, please visit: https://www.selenium.dev/documentation/webdriver/troubleshooting/errors#no-such-element-exception
Build info: version: '4.21.0', revision: '79ed462ef4'
System info: os.name: 'Windows 11', os.arch: 'amd64', os.version: '10.0', java.version: '22.0.1'
Driver info: org.openqa.selenium.chrome.ChromeDriver
Command: [77c97a47d85be73eb6b65680af5c6bc2, findElement {using=xpath, value=//label[@for='return']}]
Capabilities {acceptInsecureCerts: false, browserName: chrome, browserVersion: 127.0.6533.72, chrome: {chromedriverVersion: 127.0.6533.72 (9755e24ca85a..., userDataDir: C:\Users\SIVAGAMI\AppData\L...}, fedcm:accounts: true, goog:chromeOptions: {debuggerAddress: localhost:53548}, networkConnectionEnabled: false, pageLoadStrategy: normal, platformName: windows, proxy: Proxy(), se:cdp: ws://localhost:53548/devtoo..., se:cdpVersion: 127.0.6533.72, setWindowRect: true, strictFileInteractability: false, timeouts: {implicit: 0, pageLoad: 300000, script: 30000}, unhandledPromptBehavior: dismiss and notify, webauthn:extension:credBlob: true, webauthn:extension:largeBlob: true, webauthn:extension:minPinLength: true, webauthn:extension:prf: true, webauthn:virtualAuthenticators: true}
Session ID: 77c97a47d85be73eb6b65680af5c6bc2
at java.base/jdk.internal.reflect.DirectConstructorHandleAccessor.newInstance(DirectConstructorHandleAccessor.java:62)
at java.base/java.lang.reflect.Constructor.newInstanceWithCaller(Constructor.java:502)
at java.base/java.lang.reflect.Constructor.newInstance(Constructor.java:486)
at org.openqa.selenium.remote.ErrorCodec.decode(ErrorCodec.java:167)
at org.openqa.selenium.remote.codec.w3c.W3CHttpResponseCodec.decode(W3CHttpResponseCodec.java:138)
at org.openqa.selenium.remote.codec.w3c.W3CHttpResponseCodec.decode(W3CHttpResponseCodec.java:50)
at org.openqa.selenium.remote.HttpCommandExecutor.execute(HttpCommandExecutor.java:190)
at org.openqa.selenium.remote.service.DriverCommandExecutor.invokeExecute(DriverCommandExecutor.java:216)
at org.openqa.selenium.remote.service.DriverCommandExecutor.execute(DriverCommandExecutor.java:174)
at org.openqa.selenium.remote.RemoteWebDriver.execute(RemoteWebDriver.java:518)
at org.openqa.selenium.remote.ElementLocation$ElementFinder$2.findElement(ElementLocation.java:165)
at org.openqa.selenium.remote.ElementLocation.findElement(ElementLocation.java:59)
at org.openqa.selenium.remote.RemoteWebDriver.findElement(RemoteWebDriver.java:355)
at org.openqa.selenium.remote.RemoteWebDriver.findElement(RemoteWebDriver.java:349)
at Pages.MakeMyTripFlightBookingPage.SelectReturnDate(MakeMyTripFlightBookingPage.java:141)
at TestCases.MakeMyTripFlightBooking_TestCase.MakeMyTripRoundTripFlight_Test_with_ValidValues(MakeMyTripFlightBooking_TestCase.java:125)
at java.base/jdk.internal.reflect.DirectMethodHandleAccessor.invoke(DirectMethodHandleAccessor.java:103)
at java.base/java.lang.reflect.Method.invoke(Method.java:580)
at org.testng.internal.invokers.MethodInvocationHelper.invokeMethod(MethodInvocationHelper.java:139)
at org.testng.internal.invokers.TestInvoker.invokeMethod(TestInvoker.java:664)
at org.testng.internal.invokers.TestInvoker.invokeTestMethod(TestInvoker.java:228)
at org.testng.internal.invokers.MethodRunner.runInSequence(MethodRunner.java:63)
at org.testng.internal.invokers.TestInvoker$MethodInvocationAgent.invoke(TestInvoker.java:961)
at org.testng.internal.invokers.TestInvoker.invokeTestMethods(TestInvoker.java:201)
at org.testng.internal.invokers.TestMethodWorker.invokeTestMethods(TestMethodWorker.java:148)
at org.testng.internal.invokers.TestMethodWorker.run(TestMethodWorker.java:128)
at java.base/java.util.ArrayList.forEach(ArrayList.java:1597)
at org.testng.TestRunner.privateRun(TestRunner.java:819)
at org.testng.TestRunner.run(TestRunner.java:619)
at org.testng.SuiteRunner.runTest(SuiteRunner.java:443)
at org.testng.SuiteRunner.runSequentially(SuiteRunner.java:437)
at org.testng.SuiteRunner.privateRun(SuiteRunner.java:397)
at org.testng.SuiteRunner.run(SuiteRunner.java:336)
at org.testng.SuiteRunnerWorker.runSuite(SuiteRunnerWorker.java:52)
at org.testng.SuiteRunnerWorker.run(SuiteRunnerWorker.java:95)
at org.testng.TestNG.runSuitesSequentially(TestNG.java:1301)
at org.testng.TestNG.runSuitesLocally(TestNG.java:1228)
at org.testng.TestNG.runSuites(TestNG.java:1134)
at org.testng.TestNG.run(TestNG.java:1101)
at org.testng.remote.AbstractRemoteTestNG.run(AbstractRemoteTestNG.java:115)
at org.testng.remote.RemoteTestNG.initAndRun(RemoteTestNG.java:293)
at org.testng.remote.RemoteTestNG.main(RemoteTestNG.java:91)
]]>
            </full-stacktrace>
          </exception> <!-- org.openqa.selenium.NoSuchElementException -->
          <reporter-output>
          </reporter-output>
        </test-method> <!-- MakeMyTripRoundTripFlight_Test_with_ValidValues -->
        <test-method is-config="true" signature="WriteReport(org.testng.ITestResult)[pri:0, instance:TestCases.MakeMyTripFlightBooking_TestCase@302c971f]" started-at="2024-07-25T20:53:27 IST" name="WriteReport" finished-at="2024-07-25T20:53:27 IST" duration-ms="266" status="PASS">
          <params>
            <param index="0">
              <value>
                <![CDATA[[TestResult name=MakeMyTripRoundTripFlight_Test_with_ValidValues status=FAILURE method=MakeMyTripFlightBooking_TestCase.MakeMyTripRoundTripFlight_Test_with_ValidValues()[pri:2, instance:TestCases.MakeMyTripFlightBooking_TestCase@302c971f] output={null}]]]>
              </value>
            </param>
          </params>
          <reporter-output>
          </reporter-output>
        </test-method> <!-- WriteReport -->
        <test-method signature="MakeMyTripFlight_Test_with_InValidValues()[pri:3, instance:TestCases.MakeMyTripFlightBooking_TestCase@302c971f]" started-at="2024-07-25T20:53:27 IST" name="MakeMyTripFlight_Test_with_InValidValues" finished-at="2024-07-25T20:53:28 IST" duration-ms="1264" status="PASS">
          <reporter-output>
          </reporter-output>
        </test-method> <!-- MakeMyTripFlight_Test_with_InValidValues -->
        <test-method is-config="true" signature="WriteReport(org.testng.ITestResult)[pri:0, instance:TestCases.MakeMyTripFlightBooking_TestCase@302c971f]" started-at="2024-07-25T20:53:28 IST" name="WriteReport" finished-at="2024-07-25T20:53:28 IST" duration-ms="263" status="PASS">
          <params>
            <param index="0">
              <value>
                <![CDATA[[TestResult name=MakeMyTripFlight_Test_with_InValidValues status=SUCCESS method=MakeMyTripFlightBooking_TestCase.MakeMyTripFlight_Test_with_InValidValues()[pri:3, instance:TestCases.MakeMyTripFlightBooking_TestCase@302c971f] output={null}]]]>
              </value>
            </param>
          </params>
          <reporter-output>
          </reporter-output>
        </test-method> <!-- WriteReport -->
        <test-method is-config="true" signature="TearDown()[pri:0, instance:TestCases.MakeMyTripFlightBooking_TestCase@302c971f]" started-at="2024-07-25T20:53:29 IST" name="TearDown" finished-at="2024-07-25T20:53:30 IST" duration-ms="1515" status="PASS">
          <reporter-output>
          </reporter-output>
        </test-method> <!-- TearDown -->
      </class> <!-- TestCases.MakeMyTripFlightBooking_TestCase -->
    </test> <!-- Default test -->
  </suite> <!-- Default suite -->
</testng-results>
